Building DAG of jobs...
Using shell: /usr/bin/bash
Provided cores: 2
Rules claiming more threads will be scaled down.
Job stats:
job                     count    min threads    max threads
--------------------  -------  -------------  -------------
all                         1              1              1
create_linear_graph         1              1              1
create_onechar_graph        1              1              1
create_pbsim_reads          1              1              1
create_snp_graph            1              1              1
create_tangle_graph         1              1              1
create_twopath_graph        1              1              1
one_run                     5              1              1
summarize                   1              1              1
total                      13              1              1

Select jobs to execute...

[Sun May 15 14:15:06 2022]
rule create_snp_graph:
    input: input/ref10000.fa
    output: tmp/ref10000_snp.gfa
    jobid: 10
    wildcards: file=ref10000
    resources: tmpdir=/tmp


[Sun May 15 14:15:06 2022]
rule create_twopath_graph:
    input: input/ref10000.fa
    output: tmp/ref10000_twopath.gfa
    jobid: 12
    wildcards: file=ref10000
    resources: tmpdir=/tmp

[Sun May 15 14:15:06 2022]
Error in rule create_snp_graph:
    jobid: 10
    output: tmp/ref10000_snp.gfa
    shell:
        sed -n 2p < input/ref10000.fa | scripts/create_snps.py > tmp/ref10000_snp.gfa
        (one of the commands exited with non-zero exit code; note that snakemake uses bash strict mode!)

[Sun May 15 14:15:06 2022]
Error in rule create_twopath_graph:
    jobid: 12
    output: tmp/ref10000_twopath.gfa
    shell:
        sed -n 2p < input/ref10000.fa | scripts/create_unrealistic_twopathgraph.py > tmp/ref10000_twopath.gfa
        (one of the commands exited with non-zero exit code; note that snakemake uses bash strict mode!)

Removing output files of failed job create_snp_graph since they might be corrupted:
tmp/ref10000_snp.gfa
Removing output files of failed job create_twopath_graph since they might be corrupted:
tmp/ref10000_twopath.gfa
Shutting down, this might take some time.
Exiting because a job execution failed. Look above for error message
Complete log: .snakemake/log/2022-05-15T141506.353457.snakemake.log
