Building DAG of jobs...
Using shell: /usr/bin/bash
Provided cores: 1 (use --cores to define parallelism)
Rules claiming more threads will be scaled down.
Job stats:
job                     count    min threads    max threads
--------------------  -------  -------------  -------------
all                         1              1              1
create_linear_graph         1              1              1
create_onechar_graph        1              1              1
create_pbsim_reads          1              1              1
create_snp_graph            1              1              1
create_tangle_graph         1              1              1
create_twopath_graph        1              1              1
get_ref_first_10000         1              1              1
get_reference               1              1              1
one_run                     5              1              1
summarize                   1              1              1
total                      15              1              1

Select jobs to execute...

[Sun May 15 14:09:36 2022]
rule get_reference:
    output: input/ref.fa, Escherichia_coli_str_k_12_substr_mg1655.ASM584v2.dna.chromosome.Chromosome.fa
    jobid: 5
    resources: tmpdir=/tmp

[Sun May 15 14:09:38 2022]
Finished job 5.
1 of 15 steps (7%) done
Removing temporary output Escherichia_coli_str_k_12_substr_mg1655.ASM584v2.dna.chromosome.Chromosome.fa.
Select jobs to execute...

[Sun May 15 14:09:38 2022]
rule get_ref_first_10000:
    input: input/ref.fa
    output: input/ref10000.fa
    jobid: 4
    resources: tmpdir=/tmp

[Sun May 15 14:09:38 2022]
Finished job 4.
2 of 15 steps (13%) done
Select jobs to execute...

[Sun May 15 14:09:38 2022]
rule create_onechar_graph:
    input: input/ref10000.fa
    output: tmp/ref10000_onechar.gfa
    jobid: 8
    wildcards: file=ref10000
    resources: tmpdir=/tmp

[Sun May 15 14:09:38 2022]
Error in rule create_onechar_graph:
    jobid: 8
    output: tmp/ref10000_onechar.gfa
    shell:
        sed -n 2p < input/ref10000.fa | scripts/create_onechar_graph.py > tmp/ref10000_onechar.gfa
        (one of the commands exited with non-zero exit code; note that snakemake uses bash strict mode!)

Removing output files of failed job create_onechar_graph since they might be corrupted:
tmp/ref10000_onechar.gfa
Shutting down, this might take some time.
Exiting because a job execution failed. Look above for error message
Complete log: .snakemake/log/2022-05-15T140936.393810.snakemake.log
